[2020-03-16 13:56:12] -- [DEBUG]: [org.yjr.App] -- Running with Spring Boot v2.2.0.RELEASE, Spring v5.2.0.RELEASE
[2020-03-16 13:57:18] -- [DEBUG]: [org.apache.http.impl.conn.PoolingHttpClientConnectionManager] -- Closing expired connections
[2020-03-16 13:57:18] -- [DEBUG]: [org.apache.http.impl.conn.PoolingHttpClientConnectionManager] -- Closing connections idle longer than 60000 MILLISECONDS
[2020-03-16 13:58:18] -- [DEBUG]: [org.apache.http.impl.conn.PoolingHttpClientConnectionManager] -- Closing expired connections
[2020-03-16 13:58:18] -- [DEBUG]: [org.apache.http.impl.conn.PoolingHttpClientConnectionManager] -- Closing connections idle longer than 60000 MILLISECONDS
[2020-03-16 13:59:18] -- [DEBUG]: [org.apache.http.impl.conn.PoolingHttpClientConnectionManager] -- Closing expired connections
[2020-03-16 13:59:18] -- [DEBUG]: [org.apache.http.impl.conn.PoolingHttpClientConnectionManager] -- Closing connections idle longer than 60000 MILLISECONDS
[2020-03-16 14:00:18] -- [DEBUG]: [org.apache.http.impl.conn.PoolingHttpClientConnectionManager] -- Closing expired connections
[2020-03-16 14:00:18] -- [DEBUG]: [org.apache.http.impl.conn.PoolingHttpClientConnectionManager] -- Closing connections idle longer than 60000 MILLISECONDS
[2020-03-16 14:01:18] -- [DEBUG]: [org.apache.http.impl.conn.PoolingHttpClientConnectionManager] -- Closing expired connections
[2020-03-16 14:01:18] -- [DEBUG]: [org.apache.http.impl.conn.PoolingHttpClientConnectionManager] -- Closing connections idle longer than 60000 MILLISECONDS
[2020-03-16 14:02:18] -- [DEBUG]: [org.apache.http.impl.conn.PoolingHttpClientConnectionManager] -- Closing expired connections
[2020-03-16 14:02:18] -- [DEBUG]: [org.apache.http.impl.conn.PoolingHttpClientConnectionManager] -- Closing connections idle longer than 60000 MILLISECONDS
[2020-03-16 14:03:18] -- [DEBUG]: [org.apache.http.impl.conn.PoolingHttpClientConnectionManager] -- Closing expired connections
[2020-03-16 14:03:18] -- [DEBUG]: [org.apache.http.impl.conn.PoolingHttpClientConnectionManager] -- Closing connections idle longer than 60000 MILLISECONDS
[2020-03-16 14:04:18] -- [DEBUG]: [org.apache.http.impl.conn.PoolingHttpClientConnectionManager] -- Closing expired connections
[2020-03-16 14:04:18] -- [DEBUG]: [org.apache.http.impl.conn.PoolingHttpClientConnectionManager] -- Closing connections idle longer than 60000 MILLISECONDS
[2020-03-16 14:04:31] -- [DEBUG]: [com.wechat.pay.contrib.apache.httpclient.auth.WechatPay2Credentials] -- authorization message=[GET
/v3/payscore/user-service-state?service_id=00004000000000158372858330471545&appid=wx82184b127eb9b148&openid=oG_yQv71Cdjd2E1n4JpQ7pJKQ9qA
1584338671
kQKxSwlZ9RftEtgbGspySwYHjfUACdbX

]
[2020-03-16 14:04:31] -- [DEBUG]: [com.wechat.pay.contrib.apache.httpclient.auth.WechatPay2Credentials] -- authorization token=[mchid="1579088781",nonce_str="kQKxSwlZ9RftEtgbGspySwYHjfUACdbX",timestamp="1584338671",serial_no="754A7808528619074D854F58F9D4BBC242C99D2E",signature="EiERGEGqBDRZIeVhetbKXgnnK42gnrQqpWnKMfzja1wpR3PsVGq5Y2inEtRBV6UUIjfbOhJTGv8TH6anNCqZ6+okfR3XvSTSV6FlwpEmcMm9S/dyYA5Lwr6owopkffrL8sIsGVeptn4kgf3AOxrcAryRznmDhalnTJkcCPPCAt5/+AKHnqiizN5XTXjE6IyfjrdBAvK6hfFA+NdxOj8aA11QDLEZDQLCEUlbl6dU/fnizoS+JxEGpg4RN1DbL9nEqA8q9TgQnDMAY9fei3mxZ3wxkAb5PaMfr8EVPGdhKTClLQgQOdF0JWadmGon1Lea3QnbzX/E5WaX1nuokHNZiA=="]
[2020-03-16 14:04:31] -- [DEBUG]: [org.apache.http.client.protocol.RequestAddCookies] -- CookieSpec selected: default
[2020-03-16 14:04:31] -- [DEBUG]: [org.apache.http.client.protocol.RequestAuthCache] -- Auth cache not set in the context
[2020-03-16 14:04:31] -- [DEBUG]: [org.apache.http.impl.conn.PoolingHttpClientConnectionManager] -- Connection request: [route: {s}->https://api.mch.weixin.qq.com:443][total kept alive: 0; route allocated: 0 of 2; total allocated: 0 of 20]
[2020-03-16 14:04:31] -- [DEBUG]: [org.apache.http.impl.conn.PoolingHttpClientConnectionManager] -- Connection leased: [id: 0][route: {s}->https://api.mch.weixin.qq.com:443][total kept alive: 0; route allocated: 1 of 2; total allocated: 1 of 20]
[2020-03-16 14:04:31] -- [DEBUG]: [org.apache.http.impl.execchain.MainClientExec] -- Opening connection {s}->https://api.mch.weixin.qq.com:443
[2020-03-16 14:04:31] -- [DEBUG]: [org.apache.http.impl.conn.DefaultHttpClientConnectionOperator] -- Connecting to api.mch.weixin.qq.com/183.3.235.18:443
[2020-03-16 14:04:31] -- [DEBUG]: [org.apache.http.conn.ssl.SSLConnectionSocketFactory] -- Connecting socket to api.mch.weixin.qq.com/183.3.235.18:443 with timeout 0
[2020-03-16 14:04:31] -- [DEBUG]: [org.apache.http.conn.ssl.SSLConnectionSocketFactory] -- Enabled protocols: [TLSv1, TLSv1.1, TLSv1.2]
[2020-03-16 14:04:31] -- [DEBUG]: [org.apache.http.conn.ssl.SSLConnectionSocketFactory] -- Enabled cipher suites:[TLS_ECDHE_ECDSA_WITH_AES_256_CBC_SHA384, TLS_ECDHE_RSA_WITH_AES_256_CBC_SHA384, TLS_RSA_WITH_AES_256_CBC_SHA256, TLS_ECDH_ECDSA_WITH_AES_256_CBC_SHA384, TLS_ECDH_RSA_WITH_AES_256_CBC_SHA384, TLS_DHE_RSA_WITH_AES_256_CBC_SHA256, TLS_DHE_DSS_WITH_AES_256_CBC_SHA256, TLS_ECDHE_ECDSA_WITH_AES_256_CBC_SHA, TLS_ECDHE_RSA_WITH_AES_256_CBC_SHA, TLS_RSA_WITH_AES_256_CBC_SHA, TLS_ECDH_ECDSA_WITH_AES_256_CBC_SHA, TLS_ECDH_RSA_WITH_AES_256_CBC_SHA, TLS_DHE_RSA_WITH_AES_256_CBC_SHA, TLS_DHE_DSS_WITH_AES_256_CBC_SHA, TLS_ECDHE_ECDSA_WITH_AES_128_CBC_SHA256, TLS_ECDHE_RSA_WITH_AES_128_CBC_SHA256, TLS_RSA_WITH_AES_128_CBC_SHA256, TLS_ECDH_ECDSA_WITH_AES_128_CBC_SHA256, TLS_ECDH_RSA_WITH_AES_128_CBC_SHA256, TLS_DHE_RSA_WITH_AES_128_CBC_SHA256, TLS_DHE_DSS_WITH_AES_128_CBC_SHA256, TLS_ECDHE_ECDSA_WITH_AES_128_CBC_SHA, TLS_ECDHE_RSA_WITH_AES_128_CBC_SHA, TLS_RSA_WITH_AES_128_CBC_SHA, TLS_ECDH_ECDSA_WITH_AES_128_CBC_SHA, TLS_ECDH_RSA_WITH_AES_128_CBC_SHA, TLS_DHE_RSA_WITH_AES_128_CBC_SHA, TLS_DHE_DSS_WITH_AES_128_CBC_SHA, TLS_ECDHE_ECDSA_WITH_AES_256_GCM_SHA384, TLS_ECDHE_ECDSA_WITH_AES_128_GCM_SHA256, TLS_ECDHE_RSA_WITH_AES_256_GCM_SHA384, TLS_RSA_WITH_AES_256_GCM_SHA384, TLS_ECDH_ECDSA_WITH_AES_256_GCM_SHA384, TLS_ECDH_RSA_WITH_AES_256_GCM_SHA384, TLS_DHE_RSA_WITH_AES_256_GCM_SHA384, TLS_DHE_DSS_WITH_AES_256_GCM_SHA384, TLS_ECDHE_RSA_WITH_AES_128_GCM_SHA256, TLS_RSA_WITH_AES_128_GCM_SHA256, TLS_ECDH_ECDSA_WITH_AES_128_GCM_SHA256, TLS_ECDH_RSA_WITH_AES_128_GCM_SHA256, TLS_DHE_RSA_WITH_AES_128_GCM_SHA256, TLS_DHE_DSS_WITH_AES_128_GCM_SHA256]
[2020-03-16 14:04:31] -- [DEBUG]: [org.apache.http.conn.ssl.SSLConnectionSocketFactory] -- Starting handshake
[2020-03-16 14:04:31] -- [DEBUG]: [org.apache.http.conn.ssl.SSLConnectionSocketFactory] -- Secure session established
[2020-03-16 14:04:31] -- [DEBUG]: [org.apache.http.conn.ssl.SSLConnectionSocketFactory] --  negotiated protocol: TLSv1.2
[2020-03-16 14:04:31] -- [DEBUG]: [org.apache.http.conn.ssl.SSLConnectionSocketFactory] --  negotiated cipher suite: TLS_ECDHE_RSA_WITH_AES_256_GCM_SHA384
[2020-03-16 14:04:31] -- [DEBUG]: [org.apache.http.conn.ssl.SSLConnectionSocketFactory] --  peer principal: CN=payapp.weixin.qq.com, OU=R&D, O=Shenzhen Tencent Computer Systems Company Limited, L=Shenzhen, ST=Guangdong, C=CN
[2020-03-16 14:04:31] -- [DEBUG]: [org.apache.http.conn.ssl.SSLConnectionSocketFactory] --  peer alternative names: [wx.gtimg.com, payapp.weixin.qq.com, act.weixin.qq.com, pay.weops.qq.com, pay.weixin.qq.com, oz.weixin.qq.com, mch.weixin.qq.com, log.weixin.qq.com, za.pay.wechat.com, action.weixin.qq.com, apius.mch.weixin.qq.com, apitest.mch.weixin.qq.com, fraudhk.mch.weixin.qq.com, fraudus.mch.weixin.qq.com, apihk.mch.weixin.qq.com, api2.mch.weixin.qq.com, api.pay.weixin.qq.com, api.oz.weixin.qq.com, api.mch.weixin.qq.com, fraud.mch.weixin.qq.com]
[2020-03-16 14:04:31] -- [DEBUG]: [org.apache.http.conn.ssl.SSLConnectionSocketFactory] --  issuer principal: CN=Secure Site CA G2, OU=www.digicert.com, O=DigiCert Inc, C=US
[2020-03-16 14:04:31] -- [DEBUG]: [org.apache.http.impl.conn.DefaultHttpClientConnectionOperator] -- Connection established 10.10.67.30:62920<->183.3.235.18:443
[2020-03-16 14:04:31] -- [DEBUG]: [org.apache.http.impl.execchain.MainClientExec] -- Executing request GET /v3/payscore/user-service-state?service_id=00004000000000158372858330471545&appid=wx82184b127eb9b148&openid=oG_yQv71Cdjd2E1n4JpQ7pJKQ9qA HTTP/1.1
[2020-03-16 14:04:31] -- [DEBUG]: [org.apache.http.impl.execchain.MainClientExec] -- Proxy auth state: UNCHALLENGED
[2020-03-16 14:04:31] -- [DEBUG]: [org.apache.http.headers] -- http-outgoing-0 >> GET /v3/payscore/user-service-state?service_id=00004000000000158372858330471545&appid=wx82184b127eb9b148&openid=oG_yQv71Cdjd2E1n4JpQ7pJKQ9qA HTTP/1.1
[2020-03-16 14:04:31] -- [DEBUG]: [org.apache.http.headers] -- http-outgoing-0 >> Accept: application/json
[2020-03-16 14:04:31] -- [DEBUG]: [org.apache.http.headers] -- http-outgoing-0 >> Authorization: WECHATPAY2-SHA256-RSA2048 mchid="1579088781",nonce_str="kQKxSwlZ9RftEtgbGspySwYHjfUACdbX",timestamp="1584338671",serial_no="754A7808528619074D854F58F9D4BBC242C99D2E",signature="EiERGEGqBDRZIeVhetbKXgnnK42gnrQqpWnKMfzja1wpR3PsVGq5Y2inEtRBV6UUIjfbOhJTGv8TH6anNCqZ6+okfR3XvSTSV6FlwpEmcMm9S/dyYA5Lwr6owopkffrL8sIsGVeptn4kgf3AOxrcAryRznmDhalnTJkcCPPCAt5/+AKHnqiizN5XTXjE6IyfjrdBAvK6hfFA+NdxOj8aA11QDLEZDQLCEUlbl6dU/fnizoS+JxEGpg4RN1DbL9nEqA8q9TgQnDMAY9fei3mxZ3wxkAb5PaMfr8EVPGdhKTClLQgQOdF0JWadmGon1Lea3QnbzX/E5WaX1nuokHNZiA=="
[2020-03-16 14:04:31] -- [DEBUG]: [org.apache.http.headers] -- http-outgoing-0 >> Host: api.mch.weixin.qq.com
[2020-03-16 14:04:31] -- [DEBUG]: [org.apache.http.headers] -- http-outgoing-0 >> Connection: Keep-Alive
[2020-03-16 14:04:31] -- [DEBUG]: [org.apache.http.headers] -- http-outgoing-0 >> User-Agent: WechatPay-Apache-HttpClient/0.1.4 (Windows 10/10.0) Java/1.8.0_201
[2020-03-16 14:04:31] -- [DEBUG]: [org.apache.http.headers] -- http-outgoing-0 >> Accept-Encoding: gzip,deflate
[2020-03-16 14:04:31] -- [DEBUG]: [org.apache.http.wire] -- http-outgoing-0 >> "GET /v3/payscore/user-service-state?service_id=00004000000000158372858330471545&appid=wx82184b127eb9b148&openid=oG_yQv71Cdjd2E1n4JpQ7pJKQ9qA HTTP/1.1[\r][\n]"
[2020-03-16 14:04:31] -- [DEBUG]: [org.apache.http.wire] -- http-outgoing-0 >> "Accept: application/json[\r][\n]"
[2020-03-16 14:04:31] -- [DEBUG]: [org.apache.http.wire] -- http-outgoing-0 >> "Authorization: WECHATPAY2-SHA256-RSA2048 mchid="1579088781",nonce_str="kQKxSwlZ9RftEtgbGspySwYHjfUACdbX",timestamp="1584338671",serial_no="754A7808528619074D854F58F9D4BBC242C99D2E",signature="EiERGEGqBDRZIeVhetbKXgnnK42gnrQqpWnKMfzja1wpR3PsVGq5Y2inEtRBV6UUIjfbOhJTGv8TH6anNCqZ6+okfR3XvSTSV6FlwpEmcMm9S/dyYA5Lwr6owopkffrL8sIsGVeptn4kgf3AOxrcAryRznmDhalnTJkcCPPCAt5/+AKHnqiizN5XTXjE6IyfjrdBAvK6hfFA+NdxOj8aA11QDLEZDQLCEUlbl6dU/fnizoS+JxEGpg4RN1DbL9nEqA8q9TgQnDMAY9fei3mxZ3wxkAb5PaMfr8EVPGdhKTClLQgQOdF0JWadmGon1Lea3QnbzX/E5WaX1nuokHNZiA=="[\r][\n]"
[2020-03-16 14:04:31] -- [DEBUG]: [org.apache.http.wire] -- http-outgoing-0 >> "Host: api.mch.weixin.qq.com[\r][\n]"
[2020-03-16 14:04:31] -- [DEBUG]: [org.apache.http.wire] -- http-outgoing-0 >> "Connection: Keep-Alive[\r][\n]"
[2020-03-16 14:04:31] -- [DEBUG]: [org.apache.http.wire] -- http-outgoing-0 >> "User-Agent: WechatPay-Apache-HttpClient/0.1.4 (Windows 10/10.0) Java/1.8.0_201[\r][\n]"
[2020-03-16 14:04:31] -- [DEBUG]: [org.apache.http.wire] -- http-outgoing-0 >> "Accept-Encoding: gzip,deflate[\r][\n]"
[2020-03-16 14:04:31] -- [DEBUG]: [org.apache.http.wire] -- http-outgoing-0 >> "[\r][\n]"
[2020-03-16 14:04:32] -- [DEBUG]: [org.apache.http.wire] -- http-outgoing-0 << "HTTP/1.1 200 OK[\r][\n]"
[2020-03-16 14:04:32] -- [DEBUG]: [org.apache.http.wire] -- http-outgoing-0 << "Server: nginx[\r][\n]"
[2020-03-16 14:04:32] -- [DEBUG]: [org.apache.http.wire] -- http-outgoing-0 << "Date: Mon, 16 Mar 2020 06:04:32 GMT[\r][\n]"
[2020-03-16 14:04:32] -- [DEBUG]: [org.apache.http.wire] -- http-outgoing-0 << "Content-Type: application/json; charset=utf-8[\r][\n]"
[2020-03-16 14:04:32] -- [DEBUG]: [org.apache.http.wire] -- http-outgoing-0 << "Content-Length: 152[\r][\n]"
[2020-03-16 14:04:32] -- [DEBUG]: [org.apache.http.wire] -- http-outgoing-0 << "Connection: keep-alive[\r][\n]"
[2020-03-16 14:04:32] -- [DEBUG]: [org.apache.http.wire] -- http-outgoing-0 << "Keep-Alive: timeout=8[\r][\n]"
[2020-03-16 14:04:32] -- [DEBUG]: [org.apache.http.wire] -- http-outgoing-0 << "Cache-Control: no-cache, must-revalidate[\r][\n]"
[2020-03-16 14:04:32] -- [DEBUG]: [org.apache.http.wire] -- http-outgoing-0 << "X-Content-Type-Options: nosniff[\r][\n]"
[2020-03-16 14:04:32] -- [DEBUG]: [org.apache.http.wire] -- http-outgoing-0 << "Request-ID: o6j3bs[\r][\n]"
[2020-03-16 14:04:32] -- [DEBUG]: [org.apache.http.wire] -- http-outgoing-0 << "Content-Language: zh-CN[\r][\n]"
[2020-03-16 14:04:32] -- [DEBUG]: [org.apache.http.wire] -- http-outgoing-0 << "Wechatpay-Nonce: 2df214252a94179daba85571b915f900[\r][\n]"
[2020-03-16 14:04:32] -- [DEBUG]: [org.apache.http.wire] -- http-outgoing-0 << "Wechatpay-Signature: h+JjOEAlSvQTYaMAQN1eAlsCTXI/GYJ1yLX9idBu3+m3Hmz0HeQBOGQ19AYMyNeeYG927l9KL97BNkumxfWzzlaDuhlXA365eVaxot36UstmoMWy02s5ykRTM6Mmp3NenXIK2UeUkqATCJpynpi20BoaNOci6Q3XkQ2WC0YtYOJE+p0xr6fv4siI+a24PMFnIg6yvMFkcV9N7/5+lTbVf0Vzj+4mUpm0VQ6biQehtqHMXDNVNmpHR+sMIoglsy2yl8AmQXale/6KgVBkQs0nfhd5ggcCQ5bxEHv+LQvM7SB1VwUBSni3wbxUB0/qrxjNGTIsVpUIoqcHO6tCMr3IXQ==[\r][\n]"
[2020-03-16 14:04:32] -- [DEBUG]: [org.apache.http.wire] -- http-outgoing-0 << "Wechatpay-Timestamp: 1584338672[\r][\n]"
[2020-03-16 14:04:32] -- [DEBUG]: [org.apache.http.wire] -- http-outgoing-0 << "Wechatpay-Serial: 1C12553F72E2B121FD6DEBF22DD60B99FB096FED[\r][\n]"
[2020-03-16 14:04:32] -- [DEBUG]: [org.apache.http.wire] -- http-outgoing-0 << "[\r][\n]"
[2020-03-16 14:04:32] -- [DEBUG]: [org.apache.http.wire] -- http-outgoing-0 << "{"appid":"wx82184b127eb9b148","openid":"oG_yQv71Cdjd2E1n4JpQ7pJKQ9qA","service_id":"00004000000000158372858330471545","use_service_state":"UNAVAILABLE"}"
[2020-03-16 14:04:32] -- [DEBUG]: [org.apache.http.headers] -- http-outgoing-0 << HTTP/1.1 200 OK
[2020-03-16 14:04:32] -- [DEBUG]: [org.apache.http.headers] -- http-outgoing-0 << Server: nginx
[2020-03-16 14:04:32] -- [DEBUG]: [org.apache.http.headers] -- http-outgoing-0 << Date: Mon, 16 Mar 2020 06:04:32 GMT
[2020-03-16 14:04:32] -- [DEBUG]: [org.apache.http.headers] -- http-outgoing-0 << Content-Type: application/json; charset=utf-8
[2020-03-16 14:04:32] -- [DEBUG]: [org.apache.http.headers] -- http-outgoing-0 << Content-Length: 152
[2020-03-16 14:04:32] -- [DEBUG]: [org.apache.http.headers] -- http-outgoing-0 << Connection: keep-alive
[2020-03-16 14:04:32] -- [DEBUG]: [org.apache.http.headers] -- http-outgoing-0 << Keep-Alive: timeout=8
[2020-03-16 14:04:32] -- [DEBUG]: [org.apache.http.headers] -- http-outgoing-0 << Cache-Control: no-cache, must-revalidate
[2020-03-16 14:04:32] -- [DEBUG]: [org.apache.http.headers] -- http-outgoing-0 << X-Content-Type-Options: nosniff
[2020-03-16 14:04:32] -- [DEBUG]: [org.apache.http.headers] -- http-outgoing-0 << Request-ID: o6j3bs
[2020-03-16 14:04:32] -- [DEBUG]: [org.apache.http.headers] -- http-outgoing-0 << Content-Language: zh-CN
[2020-03-16 14:04:32] -- [DEBUG]: [org.apache.http.headers] -- http-outgoing-0 << Wechatpay-Nonce: 2df214252a94179daba85571b915f900
[2020-03-16 14:04:32] -- [DEBUG]: [org.apache.http.headers] -- http-outgoing-0 << Wechatpay-Signature: h+JjOEAlSvQTYaMAQN1eAlsCTXI/GYJ1yLX9idBu3+m3Hmz0HeQBOGQ19AYMyNeeYG927l9KL97BNkumxfWzzlaDuhlXA365eVaxot36UstmoMWy02s5ykRTM6Mmp3NenXIK2UeUkqATCJpynpi20BoaNOci6Q3XkQ2WC0YtYOJE+p0xr6fv4siI+a24PMFnIg6yvMFkcV9N7/5+lTbVf0Vzj+4mUpm0VQ6biQehtqHMXDNVNmpHR+sMIoglsy2yl8AmQXale/6KgVBkQs0nfhd5ggcCQ5bxEHv+LQvM7SB1VwUBSni3wbxUB0/qrxjNGTIsVpUIoqcHO6tCMr3IXQ==
[2020-03-16 14:04:32] -- [DEBUG]: [org.apache.http.headers] -- http-outgoing-0 << Wechatpay-Timestamp: 1584338672
[2020-03-16 14:04:32] -- [DEBUG]: [org.apache.http.headers] -- http-outgoing-0 << Wechatpay-Serial: 1C12553F72E2B121FD6DEBF22DD60B99FB096FED
[2020-03-16 14:04:32] -- [DEBUG]: [org.apache.http.impl.execchain.MainClientExec] -- Connection can be kept alive for 8000 MILLISECONDS
[2020-03-16 14:04:32] -- [DEBUG]: [org.apache.http.impl.conn.PoolingHttpClientConnectionManager] -- Connection [id: 0][route: {s}->https://api.mch.weixin.qq.com:443] can be kept alive for 8.0 seconds
[2020-03-16 14:04:32] -- [DEBUG]: [org.apache.http.impl.conn.PoolingHttpClientConnectionManager] -- Connection released: [id: 0][route: {s}->https://api.mch.weixin.qq.com:443][total kept alive: 1; route allocated: 1 of 2; total allocated: 1 of 20]
[2020-03-16 14:05:18] -- [DEBUG]: [org.apache.http.impl.conn.PoolingHttpClientConnectionManager] -- Closing expired connections
[2020-03-16 14:05:18] -- [DEBUG]: [org.apache.http.impl.conn.PoolingHttpClientConnectionManager] -- Closing connections idle longer than 60000 MILLISECONDS
[2020-03-16 14:06:18] -- [DEBUG]: [org.apache.http.impl.conn.PoolingHttpClientConnectionManager] -- Closing expired connections
[2020-03-16 14:06:18] -- [DEBUG]: [org.apache.http.impl.conn.PoolingHttpClientConnectionManager] -- Closing connections idle longer than 60000 MILLISECONDS
[2020-03-16 14:10:15] -- [DEBUG]: [org.yjr.App] -- Running with Spring Boot v2.2.0.RELEASE, Spring v5.2.0.RELEASE
[2020-03-16 14:10:37] -- [DEBUG]: [com.wechat.pay.contrib.apache.httpclient.auth.WechatPay2Credentials] -- authorization message=[GET
/v3/payscore/user-service-state?service_id=00004000000000158372858330471545&appid=wx82184b127eb9b148&openid=oG_yQv71Cdjd2E1n4JpQ7pJKQ9qA
1584339037
xYnYrvAOa3gfWWruan1wFYp7DenKjnp9

]
[2020-03-16 14:10:37] -- [DEBUG]: [com.wechat.pay.contrib.apache.httpclient.auth.WechatPay2Credentials] -- authorization token=[mchid="1579088781",nonce_str="xYnYrvAOa3gfWWruan1wFYp7DenKjnp9",timestamp="1584339037",serial_no="754A7808528619074D854F58F9D4BBC242C99D2E",signature="GXFhPS6qhuO87ocorpH7XJgKux52Y9g+ewkK9r+TJ8CQZnP3QgYNBdqxzbsbWxrB/J3Td42nyoiPPD4oaI3AjRHPwRIujkwHHb8Fir2h12tC+SSNdKRIqaaoUDbxtB6pxPRrYPAestQUwXfytOoXqrpjJsO6Ck3PouL7lhY66fEavVth+qSDQIGAklYbA4aOBEVNWyLUm3a2MkaMqGO0IqN6UrpYqeY4RUvGaeHYhchCRs/FNOR3qatYHTZbDNMKFY3vgDe5vrpiz1/iTLwsov9Lr8W9wJOf75j8IooHNr9qsA6vDBlvskII0rLl+uv57zeaEeSHSVgdJkANMvyHFw=="]
[2020-03-16 14:10:37] -- [DEBUG]: [org.apache.http.client.protocol.RequestAddCookies] -- CookieSpec selected: default
[2020-03-16 14:10:37] -- [DEBUG]: [org.apache.http.client.protocol.RequestAuthCache] -- Auth cache not set in the context
[2020-03-16 14:10:37] -- [DEBUG]: [org.apache.http.impl.conn.PoolingHttpClientConnectionManager] -- Connection request: [route: {s}->https://api.mch.weixin.qq.com:443][total kept alive: 0; route allocated: 0 of 2; total allocated: 0 of 20]
[2020-03-16 14:10:37] -- [DEBUG]: [org.apache.http.impl.conn.PoolingHttpClientConnectionManager] -- Connection leased: [id: 0][route: {s}->https://api.mch.weixin.qq.com:443][total kept alive: 0; route allocated: 1 of 2; total allocated: 1 of 20]
[2020-03-16 14:10:37] -- [DEBUG]: [org.apache.http.impl.execchain.MainClientExec] -- Opening connection {s}->https://api.mch.weixin.qq.com:443
[2020-03-16 14:10:37] -- [DEBUG]: [org.apache.http.impl.conn.DefaultHttpClientConnectionOperator] -- Connecting to api.mch.weixin.qq.com/183.3.235.18:443
[2020-03-16 14:10:37] -- [DEBUG]: [org.apache.http.conn.ssl.SSLConnectionSocketFactory] -- Connecting socket to api.mch.weixin.qq.com/183.3.235.18:443 with timeout 0
[2020-03-16 14:10:37] -- [DEBUG]: [org.apache.http.conn.ssl.SSLConnectionSocketFactory] -- Enabled protocols: [TLSv1, TLSv1.1, TLSv1.2]
[2020-03-16 14:10:37] -- [DEBUG]: [org.apache.http.conn.ssl.SSLConnectionSocketFactory] -- Enabled cipher suites:[TLS_ECDHE_ECDSA_WITH_AES_256_CBC_SHA384, TLS_ECDHE_RSA_WITH_AES_256_CBC_SHA384, TLS_RSA_WITH_AES_256_CBC_SHA256, TLS_ECDH_ECDSA_WITH_AES_256_CBC_SHA384, TLS_ECDH_RSA_WITH_AES_256_CBC_SHA384, TLS_DHE_RSA_WITH_AES_256_CBC_SHA256, TLS_DHE_DSS_WITH_AES_256_CBC_SHA256, TLS_ECDHE_ECDSA_WITH_AES_256_CBC_SHA, TLS_ECDHE_RSA_WITH_AES_256_CBC_SHA, TLS_RSA_WITH_AES_256_CBC_SHA, TLS_ECDH_ECDSA_WITH_AES_256_CBC_SHA, TLS_ECDH_RSA_WITH_AES_256_CBC_SHA, TLS_DHE_RSA_WITH_AES_256_CBC_SHA, TLS_DHE_DSS_WITH_AES_256_CBC_SHA, TLS_ECDHE_ECDSA_WITH_AES_128_CBC_SHA256, TLS_ECDHE_RSA_WITH_AES_128_CBC_SHA256, TLS_RSA_WITH_AES_128_CBC_SHA256, TLS_ECDH_ECDSA_WITH_AES_128_CBC_SHA256, TLS_ECDH_RSA_WITH_AES_128_CBC_SHA256, TLS_DHE_RSA_WITH_AES_128_CBC_SHA256, TLS_DHE_DSS_WITH_AES_128_CBC_SHA256, TLS_ECDHE_ECDSA_WITH_AES_128_CBC_SHA, TLS_ECDHE_RSA_WITH_AES_128_CBC_SHA, TLS_RSA_WITH_AES_128_CBC_SHA, TLS_ECDH_ECDSA_WITH_AES_128_CBC_SHA, TLS_ECDH_RSA_WITH_AES_128_CBC_SHA, TLS_DHE_RSA_WITH_AES_128_CBC_SHA, TLS_DHE_DSS_WITH_AES_128_CBC_SHA, TLS_ECDHE_ECDSA_WITH_AES_256_GCM_SHA384, TLS_ECDHE_ECDSA_WITH_AES_128_GCM_SHA256, TLS_ECDHE_RSA_WITH_AES_256_GCM_SHA384, TLS_RSA_WITH_AES_256_GCM_SHA384, TLS_ECDH_ECDSA_WITH_AES_256_GCM_SHA384, TLS_ECDH_RSA_WITH_AES_256_GCM_SHA384, TLS_DHE_RSA_WITH_AES_256_GCM_SHA384, TLS_DHE_DSS_WITH_AES_256_GCM_SHA384, TLS_ECDHE_RSA_WITH_AES_128_GCM_SHA256, TLS_RSA_WITH_AES_128_GCM_SHA256, TLS_ECDH_ECDSA_WITH_AES_128_GCM_SHA256, TLS_ECDH_RSA_WITH_AES_128_GCM_SHA256, TLS_DHE_RSA_WITH_AES_128_GCM_SHA256, TLS_DHE_DSS_WITH_AES_128_GCM_SHA256]
[2020-03-16 14:10:37] -- [DEBUG]: [org.apache.http.conn.ssl.SSLConnectionSocketFactory] -- Starting handshake
[2020-03-16 14:10:37] -- [DEBUG]: [org.apache.http.conn.ssl.SSLConnectionSocketFactory] -- Secure session established
[2020-03-16 14:10:37] -- [DEBUG]: [org.apache.http.conn.ssl.SSLConnectionSocketFactory] --  negotiated protocol: TLSv1.2
[2020-03-16 14:10:37] -- [DEBUG]: [org.apache.http.conn.ssl.SSLConnectionSocketFactory] --  negotiated cipher suite: TLS_ECDHE_RSA_WITH_AES_256_GCM_SHA384
[2020-03-16 14:10:37] -- [DEBUG]: [org.apache.http.conn.ssl.SSLConnectionSocketFactory] --  peer principal: CN=payapp.weixin.qq.com, OU=R&D, O=Shenzhen Tencent Computer Systems Company Limited, L=Shenzhen, ST=Guangdong, C=CN
[2020-03-16 14:10:37] -- [DEBUG]: [org.apache.http.conn.ssl.SSLConnectionSocketFactory] --  peer alternative names: [wx.gtimg.com, payapp.weixin.qq.com, act.weixin.qq.com, pay.weops.qq.com, pay.weixin.qq.com, oz.weixin.qq.com, mch.weixin.qq.com, log.weixin.qq.com, za.pay.wechat.com, action.weixin.qq.com, apius.mch.weixin.qq.com, apitest.mch.weixin.qq.com, fraudhk.mch.weixin.qq.com, fraudus.mch.weixin.qq.com, apihk.mch.weixin.qq.com, api2.mch.weixin.qq.com, api.pay.weixin.qq.com, api.oz.weixin.qq.com, api.mch.weixin.qq.com, fraud.mch.weixin.qq.com]
[2020-03-16 14:10:37] -- [DEBUG]: [org.apache.http.conn.ssl.SSLConnectionSocketFactory] --  issuer principal: CN=Secure Site CA G2, OU=www.digicert.com, O=DigiCert Inc, C=US
[2020-03-16 14:10:37] -- [DEBUG]: [org.apache.http.impl.conn.DefaultHttpClientConnectionOperator] -- Connection established 10.10.67.30:62968<->183.3.235.18:443
[2020-03-16 14:10:37] -- [DEBUG]: [org.apache.http.impl.execchain.MainClientExec] -- Executing request GET /v3/payscore/user-service-state?service_id=00004000000000158372858330471545&appid=wx82184b127eb9b148&openid=oG_yQv71Cdjd2E1n4JpQ7pJKQ9qA HTTP/1.1
[2020-03-16 14:10:37] -- [DEBUG]: [org.apache.http.impl.execchain.MainClientExec] -- Proxy auth state: UNCHALLENGED
[2020-03-16 14:10:37] -- [DEBUG]: [org.apache.http.headers] -- http-outgoing-0 >> GET /v3/payscore/user-service-state?service_id=00004000000000158372858330471545&appid=wx82184b127eb9b148&openid=oG_yQv71Cdjd2E1n4JpQ7pJKQ9qA HTTP/1.1
[2020-03-16 14:10:37] -- [DEBUG]: [org.apache.http.headers] -- http-outgoing-0 >> Accept: application/json
[2020-03-16 14:10:37] -- [DEBUG]: [org.apache.http.headers] -- http-outgoing-0 >> Authorization: WECHATPAY2-SHA256-RSA2048 mchid="1579088781",nonce_str="xYnYrvAOa3gfWWruan1wFYp7DenKjnp9",timestamp="1584339037",serial_no="754A7808528619074D854F58F9D4BBC242C99D2E",signature="GXFhPS6qhuO87ocorpH7XJgKux52Y9g+ewkK9r+TJ8CQZnP3QgYNBdqxzbsbWxrB/J3Td42nyoiPPD4oaI3AjRHPwRIujkwHHb8Fir2h12tC+SSNdKRIqaaoUDbxtB6pxPRrYPAestQUwXfytOoXqrpjJsO6Ck3PouL7lhY66fEavVth+qSDQIGAklYbA4aOBEVNWyLUm3a2MkaMqGO0IqN6UrpYqeY4RUvGaeHYhchCRs/FNOR3qatYHTZbDNMKFY3vgDe5vrpiz1/iTLwsov9Lr8W9wJOf75j8IooHNr9qsA6vDBlvskII0rLl+uv57zeaEeSHSVgdJkANMvyHFw=="
[2020-03-16 14:10:37] -- [DEBUG]: [org.apache.http.headers] -- http-outgoing-0 >> Host: api.mch.weixin.qq.com
[2020-03-16 14:10:37] -- [DEBUG]: [org.apache.http.headers] -- http-outgoing-0 >> Connection: Keep-Alive
[2020-03-16 14:10:37] -- [DEBUG]: [org.apache.http.headers] -- http-outgoing-0 >> User-Agent: WechatPay-Apache-HttpClient/0.1.4 (Windows 10/10.0) Java/1.8.0_201
[2020-03-16 14:10:37] -- [DEBUG]: [org.apache.http.headers] -- http-outgoing-0 >> Accept-Encoding: gzip,deflate
[2020-03-16 14:10:37] -- [DEBUG]: [org.apache.http.wire] -- http-outgoing-0 >> "GET /v3/payscore/user-service-state?service_id=00004000000000158372858330471545&appid=wx82184b127eb9b148&openid=oG_yQv71Cdjd2E1n4JpQ7pJKQ9qA HTTP/1.1[\r][\n]"
[2020-03-16 14:10:37] -- [DEBUG]: [org.apache.http.wire] -- http-outgoing-0 >> "Accept: application/json[\r][\n]"
[2020-03-16 14:10:37] -- [DEBUG]: [org.apache.http.wire] -- http-outgoing-0 >> "Authorization: WECHATPAY2-SHA256-RSA2048 mchid="1579088781",nonce_str="xYnYrvAOa3gfWWruan1wFYp7DenKjnp9",timestamp="1584339037",serial_no="754A7808528619074D854F58F9D4BBC242C99D2E",signature="GXFhPS6qhuO87ocorpH7XJgKux52Y9g+ewkK9r+TJ8CQZnP3QgYNBdqxzbsbWxrB/J3Td42nyoiPPD4oaI3AjRHPwRIujkwHHb8Fir2h12tC+SSNdKRIqaaoUDbxtB6pxPRrYPAestQUwXfytOoXqrpjJsO6Ck3PouL7lhY66fEavVth+qSDQIGAklYbA4aOBEVNWyLUm3a2MkaMqGO0IqN6UrpYqeY4RUvGaeHYhchCRs/FNOR3qatYHTZbDNMKFY3vgDe5vrpiz1/iTLwsov9Lr8W9wJOf75j8IooHNr9qsA6vDBlvskII0rLl+uv57zeaEeSHSVgdJkANMvyHFw=="[\r][\n]"
[2020-03-16 14:10:37] -- [DEBUG]: [org.apache.http.wire] -- http-outgoing-0 >> "Host: api.mch.weixin.qq.com[\r][\n]"
[2020-03-16 14:10:37] -- [DEBUG]: [org.apache.http.wire] -- http-outgoing-0 >> "Connection: Keep-Alive[\r][\n]"
[2020-03-16 14:10:37] -- [DEBUG]: [org.apache.http.wire] -- http-outgoing-0 >> "User-Agent: WechatPay-Apache-HttpClient/0.1.4 (Windows 10/10.0) Java/1.8.0_201[\r][\n]"
[2020-03-16 14:10:37] -- [DEBUG]: [org.apache.http.wire] -- http-outgoing-0 >> "Accept-Encoding: gzip,deflate[\r][\n]"
[2020-03-16 14:10:37] -- [DEBUG]: [org.apache.http.wire] -- http-outgoing-0 >> "[\r][\n]"
[2020-03-16 14:10:38] -- [DEBUG]: [org.apache.http.wire] -- http-outgoing-0 << "HTTP/1.1 200 OK[\r][\n]"
[2020-03-16 14:10:38] -- [DEBUG]: [org.apache.http.wire] -- http-outgoing-0 << "Server: nginx[\r][\n]"
[2020-03-16 14:10:38] -- [DEBUG]: [org.apache.http.wire] -- http-outgoing-0 << "Date: Mon, 16 Mar 2020 06:10:38 GMT[\r][\n]"
[2020-03-16 14:10:38] -- [DEBUG]: [org.apache.http.wire] -- http-outgoing-0 << "Content-Type: application/json; charset=utf-8[\r][\n]"
[2020-03-16 14:10:38] -- [DEBUG]: [org.apache.http.wire] -- http-outgoing-0 << "Content-Length: 152[\r][\n]"
[2020-03-16 14:10:38] -- [DEBUG]: [org.apache.http.wire] -- http-outgoing-0 << "Connection: keep-alive[\r][\n]"
[2020-03-16 14:10:38] -- [DEBUG]: [org.apache.http.wire] -- http-outgoing-0 << "Keep-Alive: timeout=8[\r][\n]"
[2020-03-16 14:10:38] -- [DEBUG]: [org.apache.http.wire] -- http-outgoing-0 << "Cache-Control: no-cache, must-revalidate[\r][\n]"
[2020-03-16 14:10:38] -- [DEBUG]: [org.apache.http.wire] -- http-outgoing-0 << "X-Content-Type-Options: nosniff[\r][\n]"
[2020-03-16 14:10:38] -- [DEBUG]: [org.apache.http.wire] -- http-outgoing-0 << "Request-ID: 218edq[\r][\n]"
[2020-03-16 14:10:38] -- [DEBUG]: [org.apache.http.wire] -- http-outgoing-0 << "Content-Language: zh-CN[\r][\n]"
[2020-03-16 14:10:38] -- [DEBUG]: [org.apache.http.wire] -- http-outgoing-0 << "Wechatpay-Nonce: 038ebe20c5adaf9ef7d8b0de24ed7f02[\r][\n]"
[2020-03-16 14:10:38] -- [DEBUG]: [org.apache.http.wire] -- http-outgoing-0 << "Wechatpay-Signature: VEorPniJmPz/cZqDz2pvAgZxrAFjj7UtPb6Eh9UiZLZ7ODImcVY/xU75bzV2xQGHJnOTowQg3w6AhJ5LexaLCs6m3/vOVVR11J76LDv0qeoGrVYelTnNovQIk6VEq8UpBpfsTXPTpfBJjPrOa2lzVFVLm4KU3WE8zddkyzwjbR8MUEsUmgR1tiTzH5IZ+u2SAkfZwQDyaPEpNMF3IAQ6kdJ+kPVWlLp2/dKFjbzuHwC1wo0lJlo5qSSy5G9vzjV3VJ/AO8bOzMQY5cMD9vvy8s+VVlRCJOuOsV6g+FEAIMYwNe9Wgx0KnNfizYbBGLm9Xe+LDkBDOgzD6qXkkkBqfQ==[\r][\n]"
[2020-03-16 14:10:38] -- [DEBUG]: [org.apache.http.wire] -- http-outgoing-0 << "Wechatpay-Timestamp: 1584339038[\r][\n]"
[2020-03-16 14:10:38] -- [DEBUG]: [org.apache.http.wire] -- http-outgoing-0 << "Wechatpay-Serial: 1C12553F72E2B121FD6DEBF22DD60B99FB096FED[\r][\n]"
[2020-03-16 14:10:38] -- [DEBUG]: [org.apache.http.wire] -- http-outgoing-0 << "[\r][\n]"
[2020-03-16 14:10:38] -- [DEBUG]: [org.apache.http.wire] -- http-outgoing-0 << "{"appid":"wx82184b127eb9b148","openid":"oG_yQv71Cdjd2E1n4JpQ7pJKQ9qA","service_id":"00004000000000158372858330471545","use_service_state":"UNAVAILABLE"}"
[2020-03-16 14:10:38] -- [DEBUG]: [org.apache.http.headers] -- http-outgoing-0 << HTTP/1.1 200 OK
[2020-03-16 14:10:38] -- [DEBUG]: [org.apache.http.headers] -- http-outgoing-0 << Server: nginx
[2020-03-16 14:10:38] -- [DEBUG]: [org.apache.http.headers] -- http-outgoing-0 << Date: Mon, 16 Mar 2020 06:10:38 GMT
[2020-03-16 14:10:38] -- [DEBUG]: [org.apache.http.headers] -- http-outgoing-0 << Content-Type: application/json; charset=utf-8
[2020-03-16 14:10:38] -- [DEBUG]: [org.apache.http.headers] -- http-outgoing-0 << Content-Length: 152
[2020-03-16 14:10:38] -- [DEBUG]: [org.apache.http.headers] -- http-outgoing-0 << Connection: keep-alive
[2020-03-16 14:10:38] -- [DEBUG]: [org.apache.http.headers] -- http-outgoing-0 << Keep-Alive: timeout=8
[2020-03-16 14:10:38] -- [DEBUG]: [org.apache.http.headers] -- http-outgoing-0 << Cache-Control: no-cache, must-revalidate
[2020-03-16 14:10:38] -- [DEBUG]: [org.apache.http.headers] -- http-outgoing-0 << X-Content-Type-Options: nosniff
[2020-03-16 14:10:38] -- [DEBUG]: [org.apache.http.headers] -- http-outgoing-0 << Request-ID: 218edq
[2020-03-16 14:10:38] -- [DEBUG]: [org.apache.http.headers] -- http-outgoing-0 << Content-Language: zh-CN
[2020-03-16 14:10:38] -- [DEBUG]: [org.apache.http.headers] -- http-outgoing-0 << Wechatpay-Nonce: 038ebe20c5adaf9ef7d8b0de24ed7f02
[2020-03-16 14:10:38] -- [DEBUG]: [org.apache.http.headers] -- http-outgoing-0 << Wechatpay-Signature: VEorPniJmPz/cZqDz2pvAgZxrAFjj7UtPb6Eh9UiZLZ7ODImcVY/xU75bzV2xQGHJnOTowQg3w6AhJ5LexaLCs6m3/vOVVR11J76LDv0qeoGrVYelTnNovQIk6VEq8UpBpfsTXPTpfBJjPrOa2lzVFVLm4KU3WE8zddkyzwjbR8MUEsUmgR1tiTzH5IZ+u2SAkfZwQDyaPEpNMF3IAQ6kdJ+kPVWlLp2/dKFjbzuHwC1wo0lJlo5qSSy5G9vzjV3VJ/AO8bOzMQY5cMD9vvy8s+VVlRCJOuOsV6g+FEAIMYwNe9Wgx0KnNfizYbBGLm9Xe+LDkBDOgzD6qXkkkBqfQ==
[2020-03-16 14:10:38] -- [DEBUG]: [org.apache.http.headers] -- http-outgoing-0 << Wechatpay-Timestamp: 1584339038
[2020-03-16 14:10:38] -- [DEBUG]: [org.apache.http.headers] -- http-outgoing-0 << Wechatpay-Serial: 1C12553F72E2B121FD6DEBF22DD60B99FB096FED
[2020-03-16 14:10:38] -- [DEBUG]: [org.apache.http.impl.execchain.MainClientExec] -- Connection can be kept alive for 8000 MILLISECONDS
[2020-03-16 14:10:38] -- [DEBUG]: [org.apache.http.impl.conn.PoolingHttpClientConnectionManager] -- Connection [id: 0][route: {s}->https://api.mch.weixin.qq.com:443] can be kept alive for 8.0 seconds
[2020-03-16 14:10:38] -- [DEBUG]: [org.apache.http.impl.conn.PoolingHttpClientConnectionManager] -- Connection released: [id: 0][route: {s}->https://api.mch.weixin.qq.com:443][total kept alive: 1; route allocated: 1 of 2; total allocated: 1 of 20]
[2020-03-16 14:11:17] -- [DEBUG]: [org.apache.http.impl.conn.PoolingHttpClientConnectionManager] -- Closing expired connections
[2020-03-16 14:11:17] -- [DEBUG]: [org.apache.http.impl.conn.PoolingHttpClientConnectionManager] -- Closing connections idle longer than 60000 MILLISECONDS
[2020-03-16 14:12:17] -- [DEBUG]: [org.apache.http.impl.conn.PoolingHttpClientConnectionManager] -- Closing expired connections
[2020-03-16 14:12:17] -- [DEBUG]: [org.apache.http.impl.conn.PoolingHttpClientConnectionManager] -- Closing connections idle longer than 60000 MILLISECONDS
[2020-03-16 14:13:17] -- [DEBUG]: [org.apache.http.impl.conn.PoolingHttpClientConnectionManager] -- Closing expired connections
[2020-03-16 14:13:17] -- [DEBUG]: [org.apache.http.impl.conn.PoolingHttpClientConnectionManager] -- Closing connections idle longer than 60000 MILLISECONDS
[2020-03-16 14:14:17] -- [DEBUG]: [org.apache.http.impl.conn.PoolingHttpClientConnectionManager] -- Closing expired connections
[2020-03-16 14:14:17] -- [DEBUG]: [org.apache.http.impl.conn.PoolingHttpClientConnectionManager] -- Closing connections idle longer than 60000 MILLISECONDS
[2020-03-16 14:15:17] -- [DEBUG]: [org.apache.http.impl.conn.PoolingHttpClientConnectionManager] -- Closing expired connections
[2020-03-16 14:15:17] -- [DEBUG]: [org.apache.http.impl.conn.PoolingHttpClientConnectionManager] -- Closing connections idle longer than 60000 MILLISECONDS
[2020-03-16 14:16:17] -- [DEBUG]: [org.apache.http.impl.conn.PoolingHttpClientConnectionManager] -- Closing expired connections
[2020-03-16 14:16:17] -- [DEBUG]: [org.apache.http.impl.conn.PoolingHttpClientConnectionManager] -- Closing connections idle longer than 60000 MILLISECONDS
[2020-03-16 14:17:17] -- [DEBUG]: [org.apache.http.impl.conn.PoolingHttpClientConnectionManager] -- Closing expired connections
[2020-03-16 14:17:17] -- [DEBUG]: [org.apache.http.impl.conn.PoolingHttpClientConnectionManager] -- Closing connections idle longer than 60000 MILLISECONDS
[2020-03-16 14:18:17] -- [DEBUG]: [org.apache.http.impl.conn.PoolingHttpClientConnectionManager] -- Closing expired connections
[2020-03-16 14:18:17] -- [DEBUG]: [org.apache.http.impl.conn.PoolingHttpClientConnectionManager] -- Closing connections idle longer than 60000 MILLISECONDS
[2020-03-16 14:19:17] -- [DEBUG]: [org.apache.http.impl.conn.PoolingHttpClientConnectionManager] -- Closing expired connections
[2020-03-16 14:19:17] -- [DEBUG]: [org.apache.http.impl.conn.PoolingHttpClientConnectionManager] -- Closing connections idle longer than 60000 MILLISECONDS
[2020-03-16 14:20:17] -- [DEBUG]: [org.apache.http.impl.conn.PoolingHttpClientConnectionManager] -- Closing expired connections
[2020-03-16 14:20:17] -- [DEBUG]: [org.apache.http.impl.conn.PoolingHttpClientConnectionManager] -- Closing connections idle longer than 60000 MILLISECONDS
