[2020-03-18 10:36:55] -- [INFO ]: [yjr.App] -- Starting App on GT-IT154 with PID 28624 (D:\java\study\studyjava\target\classes started by yangjingrong in D:\java\study\studyjava)
[2020-03-18 10:36:55] -- [INFO ]: [yjr.App] -- No active profile set, falling back to default profiles: default
[2020-03-18 10:36:57] -- [INFO ]: [org.apache.coyote.http11.Http11NioProtocol] -- Initializing ProtocolHandler ["http-nio-3333"]
[2020-03-18 10:36:57] -- [INFO ]: [org.apache.catalina.core.StandardService] -- Starting service [Tomcat]
[2020-03-18 10:36:57] -- [INFO ]: [org.apache.catalina.core.StandardEngine] -- Starting Servlet engine: [Apache Tomcat/9.0.27]
[2020-03-18 10:36:57] -- [INFO ]: [org.apache.catalina.core.ContainerBase.[Tomcat].[localhost].[/]] -- Initializing Spring embedded WebApplicationContext
[2020-03-18 10:36:58] -- [INFO ]: [org.apache.coyote.http11.Http11NioProtocol] -- Starting ProtocolHandler ["http-nio-3333"]
[2020-03-18 10:36:58] -- [INFO ]: [yjr.App] -- Started App in 3.074 seconds (JVM running for 4.285)
[2020-03-18 10:37:43] -- [INFO ]: [org.apache.catalina.core.ContainerBase.[Tomcat].[localhost].[/]] -- Initializing Spring DispatcherServlet 'dispatcherServlet'
[2020-03-18 17:39:04] -- [INFO ]: [yjr.App] -- Starting App on GT-IT154 with PID 25284 (D:\java\study\studyjava\target\classes started by yangjingrong in D:\java\study\studyjava)
[2020-03-18 17:39:04] -- [INFO ]: [yjr.App] -- No active profile set, falling back to default profiles: default
[2020-03-18 17:39:05] -- [INFO ]: [org.apache.coyote.http11.Http11NioProtocol] -- Initializing ProtocolHandler ["http-nio-3333"]
[2020-03-18 17:39:05] -- [INFO ]: [org.apache.catalina.core.StandardService] -- Starting service [Tomcat]
[2020-03-18 17:39:05] -- [INFO ]: [org.apache.catalina.core.StandardEngine] -- Starting Servlet engine: [Apache Tomcat/9.0.27]
[2020-03-18 17:39:05] -- [INFO ]: [org.apache.catalina.core.ContainerBase.[Tomcat].[localhost].[/]] -- Initializing Spring embedded WebApplicationContext
[2020-03-18 17:39:06] -- [INFO ]: [org.apache.coyote.http11.Http11NioProtocol] -- Starting ProtocolHandler ["http-nio-3333"]
[2020-03-18 17:39:06] -- [INFO ]: [org.apache.coyote.http11.Http11NioProtocol] -- Pausing ProtocolHandler ["http-nio-3333"]
[2020-03-18 17:39:06] -- [INFO ]: [org.apache.catalina.core.StandardService] -- Stopping service [Tomcat]
[2020-03-18 17:39:06] -- [INFO ]: [org.apache.coyote.http11.Http11NioProtocol] -- Stopping ProtocolHandler ["http-nio-3333"]
[2020-03-18 17:39:06] -- [INFO ]: [org.apache.coyote.http11.Http11NioProtocol] -- Destroying ProtocolHandler ["http-nio-3333"]
[2020-03-18 17:39:39] -- [INFO ]: [yjr.App] -- Starting App on GT-IT154 with PID 1468 (D:\java\study\studyjava\target\classes started by yangjingrong in D:\java\study\studyjava)
[2020-03-18 17:39:39] -- [INFO ]: [yjr.App] -- No active profile set, falling back to default profiles: default
[2020-03-18 17:39:40] -- [INFO ]: [org.apache.coyote.http11.Http11NioProtocol] -- Initializing ProtocolHandler ["http-nio-3333"]
[2020-03-18 17:39:40] -- [INFO ]: [org.apache.catalina.core.StandardService] -- Starting service [Tomcat]
[2020-03-18 17:39:40] -- [INFO ]: [org.apache.catalina.core.StandardEngine] -- Starting Servlet engine: [Apache Tomcat/9.0.27]
[2020-03-18 17:39:40] -- [INFO ]: [org.apache.catalina.core.ContainerBase.[Tomcat].[localhost].[/]] -- Initializing Spring embedded WebApplicationContext
[2020-03-18 17:39:41] -- [INFO ]: [org.apache.coyote.http11.Http11NioProtocol] -- Starting ProtocolHandler ["http-nio-3333"]
[2020-03-18 17:39:41] -- [INFO ]: [yjr.App] -- Started App in 2.307 seconds (JVM running for 2.64)
[2020-03-18 17:52:51] -- [INFO ]: [yjr.App] -- Starting App on GT-IT154 with PID 31600 (D:\java\study\studyjava\target\classes started by yangjingrong in D:\java\study\studyjava)
[2020-03-18 17:52:51] -- [INFO ]: [yjr.App] -- No active profile set, falling back to default profiles: default
[2020-03-18 17:52:52] -- [INFO ]: [org.apache.coyote.http11.Http11NioProtocol] -- Initializing ProtocolHandler ["http-nio-3333"]
[2020-03-18 17:52:52] -- [INFO ]: [org.apache.catalina.core.StandardService] -- Starting service [Tomcat]
[2020-03-18 17:52:52] -- [INFO ]: [org.apache.catalina.core.StandardEngine] -- Starting Servlet engine: [Apache Tomcat/9.0.27]
[2020-03-18 17:52:52] -- [INFO ]: [org.apache.catalina.core.ContainerBase.[Tomcat].[localhost].[/]] -- Initializing Spring embedded WebApplicationContext
[2020-03-18 17:52:53] -- [INFO ]: [org.apache.coyote.http11.Http11NioProtocol] -- Starting ProtocolHandler ["http-nio-3333"]
[2020-03-18 17:52:53] -- [INFO ]: [yjr.App] -- Started App in 2.254 seconds (JVM running for 2.598)
[2020-03-18 18:06:24] -- [INFO ]: [org.apache.catalina.core.ContainerBase.[Tomcat].[localhost].[/]] -- Initializing Spring DispatcherServlet 'dispatcherServlet'
