[2020-03-21 11:12:46] -- [INFO ]: [yjr.App] -- Starting App on GT-IT154 with PID 5112 (D:\java\study\studyjava\target\classes started by yangjingrong in D:\java\study\studyjava)
[2020-03-21 11:12:46] -- [INFO ]: [yjr.App] -- No active profile set, falling back to default profiles: default
[2020-03-21 11:12:48] -- [INFO ]: [org.apache.coyote.http11.Http11NioProtocol] -- Initializing ProtocolHandler ["http-nio-3333"]
[2020-03-21 11:12:48] -- [INFO ]: [org.apache.catalina.core.StandardService] -- Starting service [Tomcat]
[2020-03-21 11:12:48] -- [INFO ]: [org.apache.catalina.core.StandardEngine] -- Starting Servlet engine: [Apache Tomcat/9.0.27]
[2020-03-21 11:12:48] -- [INFO ]: [org.apache.catalina.core.ContainerBase.[Tomcat].[localhost].[/]] -- Initializing Spring embedded WebApplicationContext
[2020-03-21 11:12:48] -- [INFO ]: [org.apache.catalina.core.StandardService] -- Stopping service [Tomcat]
[2020-03-21 11:13:32] -- [INFO ]: [yjr.App] -- Starting App on GT-IT154 with PID 18500 (D:\java\study\studyjava\target\classes started by yangjingrong in D:\java\study\studyjava)
[2020-03-21 11:13:32] -- [INFO ]: [yjr.App] -- No active profile set, falling back to default profiles: default
[2020-03-21 11:13:33] -- [INFO ]: [org.apache.coyote.http11.Http11NioProtocol] -- Initializing ProtocolHandler ["http-nio-3333"]
[2020-03-21 11:13:33] -- [INFO ]: [org.apache.catalina.core.StandardService] -- Starting service [Tomcat]
[2020-03-21 11:13:33] -- [INFO ]: [org.apache.catalina.core.StandardEngine] -- Starting Servlet engine: [Apache Tomcat/9.0.27]
[2020-03-21 11:13:33] -- [INFO ]: [org.apache.catalina.core.ContainerBase.[Tomcat].[localhost].[/]] -- Initializing Spring embedded WebApplicationContext
[2020-03-21 11:13:33] -- [INFO ]: [org.apache.catalina.core.StandardService] -- Stopping service [Tomcat]
[2020-03-21 11:14:56] -- [INFO ]: [yjr.App] -- Starting App on GT-IT154 with PID 25648 (D:\java\study\studyjava\target\classes started by yangjingrong in D:\java\study\studyjava)
[2020-03-21 11:14:56] -- [INFO ]: [yjr.App] -- No active profile set, falling back to default profiles: default
[2020-03-21 11:14:57] -- [INFO ]: [org.apache.coyote.http11.Http11NioProtocol] -- Initializing ProtocolHandler ["http-nio-3333"]
[2020-03-21 11:14:57] -- [INFO ]: [org.apache.catalina.core.StandardService] -- Starting service [Tomcat]
[2020-03-21 11:14:57] -- [INFO ]: [org.apache.catalina.core.StandardEngine] -- Starting Servlet engine: [Apache Tomcat/9.0.27]
[2020-03-21 11:14:57] -- [INFO ]: [org.apache.catalina.core.ContainerBase.[Tomcat].[localhost].[/]] -- Initializing Spring embedded WebApplicationContext
[2020-03-21 11:14:57] -- [INFO ]: [org.apache.catalina.core.StandardService] -- Stopping service [Tomcat]
[2020-03-21 11:18:32] -- [INFO ]: [yjr.App] -- Starting App on GT-IT154 with PID 15200 (D:\java\study\studyjava\target\classes started by yangjingrong in D:\java\study\studyjava)
[2020-03-21 11:18:32] -- [INFO ]: [yjr.App] -- No active profile set, falling back to default profiles: default
[2020-03-21 11:18:33] -- [INFO ]: [org.apache.coyote.http11.Http11NioProtocol] -- Initializing ProtocolHandler ["http-nio-3333"]
[2020-03-21 11:18:33] -- [INFO ]: [org.apache.catalina.core.StandardService] -- Starting service [Tomcat]
[2020-03-21 11:18:33] -- [INFO ]: [org.apache.catalina.core.StandardEngine] -- Starting Servlet engine: [Apache Tomcat/9.0.27]
[2020-03-21 11:18:34] -- [INFO ]: [org.apache.catalina.core.ContainerBase.[Tomcat].[localhost].[/]] -- Initializing Spring embedded WebApplicationContext
[2020-03-21 11:18:34] -- [INFO ]: [org.apache.catalina.core.StandardService] -- Stopping service [Tomcat]
[2020-03-21 11:25:24] -- [INFO ]: [yjr.App] -- Starting App on GT-IT154 with PID 14796 (D:\java\study\studyjava\target\classes started by yangjingrong in D:\java\study\studyjava)
[2020-03-21 11:25:24] -- [INFO ]: [yjr.App] -- No active profile set, falling back to default profiles: default
[2020-03-21 11:25:25] -- [INFO ]: [org.apache.coyote.http11.Http11NioProtocol] -- Initializing ProtocolHandler ["http-nio-3333"]
[2020-03-21 11:25:25] -- [INFO ]: [org.apache.catalina.core.StandardService] -- Starting service [Tomcat]
[2020-03-21 11:25:25] -- [INFO ]: [org.apache.catalina.core.StandardEngine] -- Starting Servlet engine: [Apache Tomcat/9.0.27]
[2020-03-21 11:25:25] -- [INFO ]: [org.apache.catalina.core.ContainerBase.[Tomcat].[localhost].[/]] -- Initializing Spring embedded WebApplicationContext
[2020-03-21 11:25:25] -- [INFO ]: [org.apache.catalina.core.StandardService] -- Stopping service [Tomcat]
[2020-03-21 11:42:30] -- [INFO ]: [yjr.App] -- Starting App on GT-IT154 with PID 23948 (D:\java\study\studyjava\target\classes started by yangjingrong in D:\java\study\studyjava)
[2020-03-21 11:42:30] -- [INFO ]: [yjr.App] -- No active profile set, falling back to default profiles: default
[2020-03-21 11:42:31] -- [INFO ]: [org.apache.coyote.http11.Http11NioProtocol] -- Initializing ProtocolHandler ["http-nio-3333"]
[2020-03-21 11:42:31] -- [INFO ]: [org.apache.catalina.core.StandardService] -- Starting service [Tomcat]
[2020-03-21 11:42:31] -- [INFO ]: [org.apache.catalina.core.StandardEngine] -- Starting Servlet engine: [Apache Tomcat/9.0.27]
[2020-03-21 11:42:31] -- [INFO ]: [org.apache.catalina.core.ContainerBase.[Tomcat].[localhost].[/]] -- Initializing Spring embedded WebApplicationContext
[2020-03-21 11:42:32] -- [INFO ]: [org.apache.coyote.http11.Http11NioProtocol] -- Starting ProtocolHandler ["http-nio-3333"]
[2020-03-21 11:42:32] -- [INFO ]: [yjr.App] -- Started App in 2.42 seconds (JVM running for 2.782)
[2020-03-21 12:04:17] -- [INFO ]: [org.apache.catalina.core.ContainerBase.[Tomcat].[localhost].[/]] -- Initializing Spring DispatcherServlet 'dispatcherServlet'
[2020-03-21 14:44:41] -- [INFO ]: [yjr.App] -- Starting App on GT-IT154 with PID 18516 (D:\java\study\studyjava\target\classes started by yangjingrong in D:\java\study\studyjava)
[2020-03-21 14:44:41] -- [INFO ]: [yjr.App] -- No active profile set, falling back to default profiles: default
[2020-03-21 14:44:42] -- [INFO ]: [org.apache.coyote.http11.Http11NioProtocol] -- Initializing ProtocolHandler ["http-nio-3333"]
[2020-03-21 14:44:42] -- [INFO ]: [org.apache.catalina.core.StandardService] -- Starting service [Tomcat]
[2020-03-21 14:44:42] -- [INFO ]: [org.apache.catalina.core.StandardEngine] -- Starting Servlet engine: [Apache Tomcat/9.0.27]
[2020-03-21 14:44:42] -- [INFO ]: [org.apache.catalina.core.ContainerBase.[Tomcat].[localhost].[/]] -- Initializing Spring embedded WebApplicationContext
[2020-03-21 14:44:43] -- [INFO ]: [org.apache.coyote.http11.Http11NioProtocol] -- Starting ProtocolHandler ["http-nio-3333"]
[2020-03-21 14:44:43] -- [INFO ]: [yjr.App] -- Started App in 2.594 seconds (JVM running for 2.949)
[2020-03-21 14:44:43] -- [INFO ]: [org.apache.catalina.core.ContainerBase.[Tomcat].[localhost].[/]] -- Initializing Spring DispatcherServlet 'dispatcherServlet'
[2020-03-21 15:05:12] -- [INFO ]: [yjr.App] -- Starting App on GT-IT154 with PID 26560 (D:\java\study\studyjava\target\classes started by yangjingrong in D:\java\study\studyjava)
[2020-03-21 15:05:12] -- [INFO ]: [yjr.App] -- No active profile set, falling back to default profiles: default
[2020-03-21 15:05:13] -- [INFO ]: [org.apache.coyote.http11.Http11NioProtocol] -- Initializing ProtocolHandler ["http-nio-3333"]
[2020-03-21 15:05:13] -- [INFO ]: [org.apache.catalina.core.StandardService] -- Starting service [Tomcat]
[2020-03-21 15:05:13] -- [INFO ]: [org.apache.catalina.core.StandardEngine] -- Starting Servlet engine: [Apache Tomcat/9.0.27]
[2020-03-21 15:05:13] -- [INFO ]: [org.apache.catalina.core.ContainerBase.[Tomcat].[localhost].[/]] -- Initializing Spring embedded WebApplicationContext
[2020-03-21 15:05:14] -- [INFO ]: [org.apache.coyote.http11.Http11NioProtocol] -- Starting ProtocolHandler ["http-nio-3333"]
[2020-03-21 15:05:14] -- [INFO ]: [yjr.App] -- Started App in 2.364 seconds (JVM running for 2.7)
[2020-03-21 15:08:01] -- [INFO ]: [org.apache.catalina.core.ContainerBase.[Tomcat].[localhost].[/]] -- Initializing Spring DispatcherServlet 'dispatcherServlet'
